C:\Offline Repo\Calculator-api\API\Client\dist\out-tsc\app\app.component.js
C:\Offline Repo\Calculator-api\API\Client\dist\out-tsc\app\app.component.js.map
C:\Offline Repo\Calculator-api\API\Client\dist\out-tsc\app\Calculator\operator-button\operator-button.component.js
C:\Offline Repo\Calculator-api\API\Client\dist\out-tsc\app\Calculator\operator-button\operator-button.component.js.map
C:\Offline Repo\Calculator-api\API\Client\dist\out-tsc\app\Calculator\calculator-screen\calculator-screen.component.js
C:\Offline Repo\Calculator-api\API\Client\dist\out-tsc\app\Calculator\calculator-screen\calculator-screen.component.js.map
C:\Offline Repo\Calculator-api\API\Client\dist\out-tsc\app\services\operators\operators.service.js
C:\Offline Repo\Calculator-api\API\Client\dist\out-tsc\app\services\operators\operators.service.js.map
C:\Offline Repo\Calculator-api\API\Client\dist\out-tsc\app\services\calculate\calculate.service.js
C:\Offline Repo\Calculator-api\API\Client\dist\out-tsc\app\services\calculate\calculate.service.js.map
C:\Offline Repo\Calculator-api\API\Client\dist\out-tsc\app\Model\expression.model.js
C:\Offline Repo\Calculator-api\API\Client\dist\out-tsc\app\Model\expression.model.js.map
C:\Offline Repo\Calculator-api\API\Client\dist\out-tsc\app\Calculator\calculator-body\calculator-body.component.js
C:\Offline Repo\Calculator-api\API\Client\dist\out-tsc\app\Calculator\calculator-body\calculator-body.component.js.map
C:\Offline Repo\Calculator-api\API\Client\dist\out-tsc\app\app.module.js
C:\Offline Repo\Calculator-api\API\Client\dist\out-tsc\app\app.module.js.map
C:\Offline Repo\Calculator-api\API\Client\dist\out-tsc\environments\environment.js
C:\Offline Repo\Calculator-api\API\Client\dist\out-tsc\environments\environment.js.map
C:\Offline Repo\Calculator-api\API\Client\dist\out-tsc\main.js
C:\Offline Repo\Calculator-api\API\Client\dist\out-tsc\main.js.map
C:\Offline Repo\Calculator-api\API\Client\dist\out-tsc\polyfills.js
C:\Offline Repo\Calculator-api\API\Client\dist\out-tsc\polyfills.js.map
C:\Offline Repo\Calculator-api\API\Client\dist\out-tsc\test.js
C:\Offline Repo\Calculator-api\API\Client\dist\out-tsc\test.js.map
C:\Offline Repo\Calculator-api\API\Client\dist\out-tsc\app\services\calculate\calculate.service.spec.js
C:\Offline Repo\Calculator-api\API\Client\dist\out-tsc\app\services\calculate\calculate.service.spec.js.map
C:\Offline Repo\Calculator-api\API\Client\dist\out-tsc\app\services\operators\operators.service.spec.js
C:\Offline Repo\Calculator-api\API\Client\dist\out-tsc\app\services\operators\operators.service.spec.js.map
C:\Offline Repo\Calculator-api\API\Client\dist\out-tsc\environments\environment.prod.js
C:\Offline Repo\Calculator-api\API\Client\dist\out-tsc\environments\environment.prod.js.map
