D:\Github\Calculator-api\API\Client\dist\out-tsc\app\app.component.js
D:\Github\Calculator-api\API\Client\dist\out-tsc\app\app.component.js.map
D:\Github\Calculator-api\API\Client\dist\out-tsc\app\operator-button\operator-button.component.js
D:\Github\Calculator-api\API\Client\dist\out-tsc\app\operator-button\operator-button.component.js.map
D:\Github\Calculator-api\API\Client\dist\out-tsc\app\calculator-screen\calculator-screen.component.js
D:\Github\Calculator-api\API\Client\dist\out-tsc\app\calculator-screen\calculator-screen.component.js.map
D:\Github\Calculator-api\API\Client\dist\out-tsc\app\services\operators\operators.service.js
D:\Github\Calculator-api\API\Client\dist\out-tsc\app\services\operators\operators.service.js.map
D:\Github\Calculator-api\API\Client\dist\out-tsc\app\services\calculate\calculate.service.js
D:\Github\Calculator-api\API\Client\dist\out-tsc\app\services\calculate\calculate.service.js.map
D:\Github\Calculator-api\API\Client\dist\out-tsc\app\Model\expression.model.js
D:\Github\Calculator-api\API\Client\dist\out-tsc\app\Model\expression.model.js.map
D:\Github\Calculator-api\API\Client\dist\out-tsc\app\calculator-body\calculator-body.component.js
D:\Github\Calculator-api\API\Client\dist\out-tsc\app\calculator-body\calculator-body.component.js.map
D:\Github\Calculator-api\API\Client\dist\out-tsc\app\app.module.js
D:\Github\Calculator-api\API\Client\dist\out-tsc\app\app.module.js.map
D:\Github\Calculator-api\API\Client\dist\out-tsc\environments\environment.js
D:\Github\Calculator-api\API\Client\dist\out-tsc\environments\environment.js.map
D:\Github\Calculator-api\API\Client\dist\out-tsc\main.js
D:\Github\Calculator-api\API\Client\dist\out-tsc\main.js.map
D:\Github\Calculator-api\API\Client\dist\out-tsc\polyfills.js
D:\Github\Calculator-api\API\Client\dist\out-tsc\polyfills.js.map
D:\Github\Calculator-api\API\Client\dist\out-tsc\test.js
D:\Github\Calculator-api\API\Client\dist\out-tsc\test.js.map
D:\Github\Calculator-api\API\Client\dist\out-tsc\app\services\calculate\calculate.service.spec.js
D:\Github\Calculator-api\API\Client\dist\out-tsc\app\services\calculate\calculate.service.spec.js.map
D:\Github\Calculator-api\API\Client\dist\out-tsc\app\services\operators\operators.service.spec.js
D:\Github\Calculator-api\API\Client\dist\out-tsc\app\services\operators\operators.service.spec.js.map
D:\Github\Calculator-api\API\Client\dist\out-tsc\environments\environment.prod.js
D:\Github\Calculator-api\API\Client\dist\out-tsc\environments\environment.prod.js.map
